<?xml version="1.0" encoding="UTF-8"?>
<testsuite name="WordPuzzleTest" tests="1" skipped="0" failures="0" errors="0" timestamp="2016-04-22T16:58:45" hostname="Debjits-MacBook-Pro.local" time="0.002">
  <properties/>
  <testcase name="isUserPhrase_forReplaceLetterA_True" classname="WordPuzzleTest" time="0.002"/>
  <system-out><![CDATA[]]></system-out>
  <system-err><![CDATA[]]></system-err>
</testsuite>
