<?xml version="1.0" encoding="UTF-8"?>
<testsuite name="WordPuzzleTest" tests="1" skipped="0" failures="0" errors="0" timestamp="2016-04-22T17:29:07" hostname="Debjits-MacBook-Pro.local" time="0.005">
  <properties/>
  <testcase name="isUserPhrase_forReplaceAllVowels_True" classname="WordPuzzleTest" time="0.005"/>
  <system-out><![CDATA[]]></system-out>
  <system-err><![CDATA[]]></system-err>
</testsuite>
